{
  "RSpec": {
    "coverage": {
      "/Users/becky/work/josh-oyster/Oystercards/spec/feature_spec.rb": [
        1,
        1,
        1,
        1,
        null,
        1,
        1,
        1,
        1,
        null,
        null,
        1,
        1,
        1,
        null,
        null,
        1,
        1,
        1,
        null,
        null,
        1,
        1,
        1,
        1,
        1,
        1,
        null,
        null,
        1,
        1,
        1,
        1,
        1,
        1,
        null,
        null,
        1,
        1,
        1,
        1,
        1,
        1,
        1,
        1,
        null,
        null,
        1,
        1,
        1,
        null,
        null,
        1,
        1,
        1,
        1,
        1,
        1,
        null,
        null,
        1,
        1,
        1,
        1,
        1,
        1,
        1,
        1,
        1,
        1,
        1,
        1,
        1,
        null,
        null,
        1,
        1,
        1,
        1,
        1,
        1,
        1,
        1,
        1,
        1,
        1,
        1,
        1,
        null,
        null,
        1,
        1,
        1,
        null,
        null,
        1,
        1,
        1,
        null,
        null,
        1,
        1,
        1,
        null,
        null,
        1,
        1,
        1,
        1,
        1,
        1,
        1,
        null,
        null,
        1,
        1,
        1,
        1,
        1,
        null,
        null,
        1,
        1,
        1,
        1,
        1,
        1,
        1,
        1,
        null,
        null,
        1,
        1,
        1,
        1,
        1,
        1,
        1,
        1,
        null,
        null,
        1,
        1,
        1,
        1,
        1,
        1,
        1,
        1,
        null,
        null,
        1,
        1,
        1,
        1,
        1,
        null,
        1,
        1,
        null,
        1,
        1,
        null,
        1,
        null,
        null,
        null,
        null,
        1,
        1,
        null,
        null,
        1,
        1,
        null,
        null,
        1,
        14,
        null,
        null,
        1,
        1,
        null,
        null,
        1,
        1,
        null,
        null,
        1,
        1,
        1,
        2,
        null,
        null,
        1,
        9,
        null,
        null,
        1,
        0,
        null,
        null,
        1,
        7,
        null,
        null,
        1,
        0,
        null,
        null,
        1,
        3,
        null,
        null,
        1,
        0,
        null,
        null,
        1,
        0,
        null,
        null,
        1,
        1,
        null,
        null,
        1,
        1,
        null,
        null,
        1,
        2,
        null,
        null,
        1,
        4,
        null,
        null,
        1,
        8,
        null,
        null,
        1,
        1,
        null,
        null,
        1,
        4,
        null,
        null,
        1,
        0,
        null,
        null,
        1,
        1,
        null,
        null,
        1,
        2,
        null,
        null,
        1,
        1,
        null,
        null,
        1,
        1,
        null,
        null,
        1,
        4,
        null,
        null,
        1,
        4,
        null,
        null,
        1,
        1,
        null,
        null,
        1,
        1,
        null,
        null,
        1,
        1,
        null,
        null,
        1,
        1,
        null,
        null,
        1,
        1,
        null
      ],
      "/Users/becky/work/josh-oyster/Oystercards/lib/oystercard.rb": [
        1,
        1,
        null,
        1,
        null,
        1,
        23,
        23,
        null,
        null,
        1,
        18,
        16,
        null,
        null,
        1,
        16,
        14,
        14,
        null,
        null,
        null,
        1,
        null,
        null,
        null,
        null,
        11,
        11,
        null,
        null,
        null,
        null,
        null,
        null,
        null,
        1,
        null,
        1,
        18,
        null,
        null,
        1,
        16,
        null,
        null,
        1,
        13,
        null,
        null,
        null
      ],
      "/Users/becky/work/josh-oyster/Oystercards/lib/station.rb": [
        1,
        null,
        1,
        null,
        1,
        24,
        24,
        null,
        null,
        null
      ],
      "/Users/becky/work/josh-oyster/Oystercards/lib/journey.rb": [
        1,
        1,
        1,
        null,
        1,
        null,
        1,
        18,
        null,
        null,
        1,
        21,
        null,
        null,
        null
      ],
      "/Users/becky/work/josh-oyster/Oystercards/lib/journey_log.rb": [
        1,
        null,
        1,
        null,
        1,
        21,
        21,
        null,
        null,
        null,
        1,
        16,
        16,
        16,
        null,
        null,
        null,
        1,
        13,
        4,
        4,
        null,
        13,
        null,
        null,
        1,
        29,
        16,
        null,
        null,
        null
      ],
      "/Users/becky/work/josh-oyster/Oystercards/spec/journey_log_spec.rb": [
        1,
        null,
        1,
        null,
        5,
        5,
        5,
        1,
        5,
        5,
        null,
        null,
        1,
        null,
        1,
        1,
        null,
        null,
        null,
        null,
        1,
        null,
        1,
        1,
        1,
        null,
        null,
        null,
        null,
        1,
        null,
        1,
        1,
        1,
        1,
        1,
        null,
        null,
        1,
        1,
        1,
        1,
        1,
        null,
        null,
        null,
        null,
        null
      ],
      "/Users/becky/work/josh-oyster/Oystercards/spec/journeys_spec.rb": [
        1,
        null,
        1,
        null,
        7,
        2,
        2,
        null,
        1,
        1,
        1,
        null,
        null,
        1,
        1,
        1,
        1,
        null,
        null,
        1,
        1,
        1,
        null,
        null,
        1,
        1,
        1,
        1,
        null,
        null,
        1,
        1,
        1,
        null,
        null,
        1,
        1,
        1,
        null,
        null,
        1,
        1,
        1,
        1,
        null,
        null,
        null
      ],
      "/Users/becky/work/josh-oyster/Oystercards/spec/oystercard_spec.rb": [
        1,
        1,
        1,
        null,
        2,
        2,
        1,
        null,
        2,
        null,
        1,
        null,
        7,
        null,
        6,
        null,
        1,
        2,
        null,
        1,
        1,
        null,
        null,
        null,
        null,
        1,
        1,
        1,
        null,
        null,
        1,
        1,
        2,
        null,
        null,
        null,
        1,
        null,
        null,
        null,
        null,
        null,
        null,
        null,
        null,
        1,
        2,
        null,
        null,
        null,
        null,
        null,
        null,
        null,
        null,
        null,
        null,
        null,
        null,
        null,
        null,
        null,
        null,
        null,
        null,
        null,
        null,
        null,
        null,
        1,
        null,
        1,
        0,
        0,
        null,
        null,
        null,
        null,
        null,
        null,
        null,
        null,
        null,
        null,
        null,
        null,
        null,
        null,
        null,
        null,
        1,
        1,
        1,
        1,
        null,
        null,
        null,
        null,
        null,
        null,
        null,
        null,
        null,
        null,
        null,
        null,
        null,
        null,
        null
      ],
      "/Users/becky/work/josh-oyster/Oystercards/spec/station_spec.rb": [
        1,
        null,
        3,
        null,
        1,
        1,
        1,
        null,
        null,
        null,
        1,
        1,
        1,
        null,
        null,
        null,
        null
      ]
    },
    "timestamp": 1534517149
  }
}
